2025-11-08 00:58:47,772 INFO: RollCallQR Application Startup [in i:\Example_Projects\Teaching Management System\app.py:114]
2025-11-08 00:58:47,772 INFO: Environment: development [in i:\Example_Projects\Teaching Management System\app.py:115]
2025-11-08 01:11:47,249 INFO: RollCallQR Application Startup [in i:\Example_Projects\Teaching Management System\app.py:126]
2025-11-08 01:11:47,249 INFO: Environment: development [in i:\Example_Projects\Teaching Management System\app.py:127]
2025-11-08 01:11:56,586 INFO: RollCallQR Application Startup [in i:\Example_Projects\Teaching Management System\app.py:134]
2025-11-08 01:11:56,586 INFO: Environment: development [in i:\Example_Projects\Teaching Management System\app.py:135]
2025-11-08 01:11:56,587 INFO: Platform: Traditional [in i:\Example_Projects\Teaching Management System\app.py:136]
2025-11-08 01:12:42,517 INFO: RollCallQR Application Startup [in i:\Example_Projects\Teaching Management System\app.py:134]
2025-11-08 01:12:42,517 INFO: Environment: development [in i:\Example_Projects\Teaching Management System\app.py:135]
2025-11-08 01:12:42,517 INFO: Platform: Traditional [in i:\Example_Projects\Teaching Management System\app.py:136]
2025-11-09 16:40:54,374 INFO: RollCallQR Application Startup [in i:\Example_Projects\Teaching Management System\app.py:135]
2025-11-09 16:40:54,386 INFO: Environment: development [in i:\Example_Projects\Teaching Management System\app.py:136]
2025-11-09 16:40:54,386 INFO: Platform: Traditional [in i:\Example_Projects\Teaching Management System\app.py:137]
2025-11-09 16:41:03,045 INFO: RollCallQR Application Startup [in i:\Example_Projects\Teaching Management System\app.py:135]
2025-11-09 16:41:03,045 INFO: Environment: development [in i:\Example_Projects\Teaching Management System\app.py:136]
2025-11-09 16:41:03,045 INFO: Platform: Traditional [in i:\Example_Projects\Teaching Management System\app.py:137]
2025-11-09 16:41:39,361 ERROR: Failed to send password reset email to s1363246@monmouth.edu: Message.__init__() got an unexpected keyword argument 'text_body' [in i:\Example_Projects\Teaching Management System\app.py:209]
2025-11-09 16:41:39,362 WARNING: Failed to send password reset email to s1363246@monmouth.edu [in i:\Example_Projects\Teaching Management System\app.py:558]
2025-11-09 16:42:15,724 INFO: RollCallQR Application Startup [in i:\Example_Projects\Teaching Management System\app.py:135]
2025-11-09 16:42:15,736 INFO: Environment: development [in i:\Example_Projects\Teaching Management System\app.py:136]
2025-11-09 16:42:15,737 INFO: Platform: Traditional [in i:\Example_Projects\Teaching Management System\app.py:137]
2025-11-09 16:45:40,177 INFO: RollCallQR Application Startup [in i:\Example_Projects\Teaching Management System\app.py:135]
2025-11-09 16:45:40,189 INFO: Environment: development [in i:\Example_Projects\Teaching Management System\app.py:136]
2025-11-09 16:45:40,189 INFO: Platform: Traditional [in i:\Example_Projects\Teaching Management System\app.py:137]
2025-11-09 16:45:41,737 INFO: RollCallQR Application Startup [in i:\Example_Projects\Teaching Management System\app.py:135]
2025-11-09 16:45:41,737 INFO: Environment: development [in i:\Example_Projects\Teaching Management System\app.py:136]
2025-11-09 16:45:41,737 INFO: Platform: Traditional [in i:\Example_Projects\Teaching Management System\app.py:137]
2025-11-09 16:45:56,730 INFO: ========================================== [in i:\Example_Projects\Teaching Management System\app.py:134]
2025-11-09 16:45:56,742 INFO: RollCallQR Application Startup [in i:\Example_Projects\Teaching Management System\app.py:135]
2025-11-09 16:45:56,742 INFO: Environment: development [in i:\Example_Projects\Teaching Management System\app.py:136]
2025-11-09 16:45:56,742 INFO: Platform: Traditional [in i:\Example_Projects\Teaching Management System\app.py:137]
2025-11-09 16:45:56,743 INFO: ========================================== [in i:\Example_Projects\Teaching Management System\app.py:138]
2025-11-09 16:45:59,432 ERROR: Failed to send password reset email to s1363246@monmouth.edu: Message.__init__() got an unexpected keyword argument 'text_body' [in i:\Example_Projects\Teaching Management System\app.py:209]
2025-11-09 16:45:59,432 WARNING: Failed to send password reset email to s1363246@monmouth.edu [in i:\Example_Projects\Teaching Management System\app.py:558]
2025-11-09 16:45:59,582 ERROR: Failed to send password reset email to s1363246@monmouth.edu: Message.__init__() got an unexpected keyword argument 'text_body' [in i:\Example_Projects\Teaching Management System\app.py:209]
2025-11-09 16:45:59,583 WARNING: Failed to send password reset email to s1363246@monmouth.edu [in i:\Example_Projects\Teaching Management System\app.py:558]
2025-11-09 16:47:55,155 INFO: ========================================== [in i:\Example_Projects\Teaching Management System\app.py:134]
2025-11-09 16:47:55,167 INFO: RollCallQR Application Startup [in i:\Example_Projects\Teaching Management System\app.py:135]
2025-11-09 16:47:55,168 INFO: Environment: development [in i:\Example_Projects\Teaching Management System\app.py:136]
2025-11-09 16:47:55,168 INFO: Platform: Traditional [in i:\Example_Projects\Teaching Management System\app.py:137]
2025-11-09 16:47:55,168 INFO: ========================================== [in i:\Example_Projects\Teaching Management System\app.py:138]
2025-11-09 16:47:56,710 INFO: ========================================== [in i:\Example_Projects\Teaching Management System\app.py:134]
2025-11-09 16:47:56,710 INFO: RollCallQR Application Startup [in i:\Example_Projects\Teaching Management System\app.py:135]
2025-11-09 16:47:56,710 INFO: Environment: development [in i:\Example_Projects\Teaching Management System\app.py:136]
2025-11-09 16:47:56,710 INFO: Platform: Traditional [in i:\Example_Projects\Teaching Management System\app.py:137]
2025-11-09 16:47:56,711 INFO: ========================================== [in i:\Example_Projects\Teaching Management System\app.py:138]
2025-11-09 18:05:23,868 INFO: ========================================== [in i:\Example_Projects\Teaching Management System\app.py:134]
2025-11-09 18:05:23,880 INFO: RollCallQR Application Startup [in i:\Example_Projects\Teaching Management System\app.py:135]
2025-11-09 18:05:23,880 INFO: Environment: development [in i:\Example_Projects\Teaching Management System\app.py:136]
2025-11-09 18:05:23,880 INFO: Platform: Traditional [in i:\Example_Projects\Teaching Management System\app.py:137]
2025-11-09 18:05:23,880 INFO: ========================================== [in i:\Example_Projects\Teaching Management System\app.py:138]
2025-11-09 18:05:25,359 INFO: ========================================== [in i:\Example_Projects\Teaching Management System\app.py:134]
2025-11-09 18:05:25,359 INFO: RollCallQR Application Startup [in i:\Example_Projects\Teaching Management System\app.py:135]
2025-11-09 18:05:25,359 INFO: Environment: development [in i:\Example_Projects\Teaching Management System\app.py:136]
2025-11-09 18:05:25,359 INFO: Platform: Traditional [in i:\Example_Projects\Teaching Management System\app.py:137]
2025-11-09 18:05:25,359 INFO: ========================================== [in i:\Example_Projects\Teaching Management System\app.py:138]
2025-11-09 18:05:47,021 ERROR: Failed to send password reset email to s1363246@monmouth.edu: Message.__init__() got an unexpected keyword argument 'text_body' [in i:\Example_Projects\Teaching Management System\app.py:209]
2025-11-09 18:05:47,021 WARNING: Failed to send password reset email to s1363246@monmouth.edu [in i:\Example_Projects\Teaching Management System\app.py:558]
2025-11-10 12:05:39,867 INFO: ========================================== [in D:\Example_Projects\Teaching Management System\app.py:134]
2025-11-10 12:05:40,453 INFO: RollCallQR Application Startup [in D:\Example_Projects\Teaching Management System\app.py:135]
2025-11-10 12:05:40,454 INFO: Environment: development [in D:\Example_Projects\Teaching Management System\app.py:136]
2025-11-10 12:05:40,454 INFO: Platform: Traditional [in D:\Example_Projects\Teaching Management System\app.py:137]
2025-11-10 12:05:40,454 INFO: ========================================== [in D:\Example_Projects\Teaching Management System\app.py:138]
2025-11-10 12:05:42,102 INFO: ========================================== [in D:\Example_Projects\Teaching Management System\app.py:134]
2025-11-10 12:05:42,102 INFO: RollCallQR Application Startup [in D:\Example_Projects\Teaching Management System\app.py:135]
2025-11-10 12:05:42,103 INFO: Environment: development [in D:\Example_Projects\Teaching Management System\app.py:136]
2025-11-10 12:05:42,103 INFO: Platform: Traditional [in D:\Example_Projects\Teaching Management System\app.py:137]
2025-11-10 12:05:42,103 INFO: ========================================== [in D:\Example_Projects\Teaching Management System\app.py:138]
2025-11-10 12:07:24,668 INFO: ========================================== [in d:\Example_Projects\Teaching Management System\app.py:134]
2025-11-10 12:07:24,681 INFO: RollCallQR Application Startup [in d:\Example_Projects\Teaching Management System\app.py:135]
2025-11-10 12:07:24,681 INFO: Environment: development [in d:\Example_Projects\Teaching Management System\app.py:136]
2025-11-10 12:07:24,681 INFO: Platform: Traditional [in d:\Example_Projects\Teaching Management System\app.py:137]
2025-11-10 12:07:24,682 INFO: ========================================== [in d:\Example_Projects\Teaching Management System\app.py:138]
2025-11-10 12:07:26,474 INFO: ========================================== [in d:\Example_Projects\Teaching Management System\app.py:134]
2025-11-10 12:07:26,475 INFO: RollCallQR Application Startup [in d:\Example_Projects\Teaching Management System\app.py:135]
2025-11-10 12:07:26,475 INFO: Environment: development [in d:\Example_Projects\Teaching Management System\app.py:136]
2025-11-10 12:07:26,475 INFO: Platform: Traditional [in d:\Example_Projects\Teaching Management System\app.py:137]
2025-11-10 12:07:26,475 INFO: ========================================== [in d:\Example_Projects\Teaching Management System\app.py:138]
2025-11-10 12:09:03,118 INFO: ========================================== [in d:\Example_Projects\Teaching Management System\app.py:134]
2025-11-10 12:09:03,706 INFO: RollCallQR Application Startup [in d:\Example_Projects\Teaching Management System\app.py:135]
2025-11-10 12:09:03,707 INFO: Environment: development [in d:\Example_Projects\Teaching Management System\app.py:136]
2025-11-10 12:09:03,707 INFO: Platform: Traditional [in d:\Example_Projects\Teaching Management System\app.py:137]
2025-11-10 12:09:03,707 INFO: ========================================== [in d:\Example_Projects\Teaching Management System\app.py:138]
2025-11-10 12:10:24,943 INFO: ========================================== [in D:\Example_Projects\Teaching Management System\app.py:134]
2025-11-10 12:10:24,956 INFO: RollCallQR Application Startup [in D:\Example_Projects\Teaching Management System\app.py:135]
2025-11-10 12:10:24,956 INFO: Environment: development [in D:\Example_Projects\Teaching Management System\app.py:136]
2025-11-10 12:10:24,956 INFO: Platform: Traditional [in D:\Example_Projects\Teaching Management System\app.py:137]
2025-11-10 12:10:24,956 INFO: ========================================== [in D:\Example_Projects\Teaching Management System\app.py:138]
2025-11-10 12:10:26,538 INFO: ========================================== [in D:\Example_Projects\Teaching Management System\app.py:134]
2025-11-10 12:10:26,539 INFO: RollCallQR Application Startup [in D:\Example_Projects\Teaching Management System\app.py:135]
2025-11-10 12:10:26,539 INFO: Environment: development [in D:\Example_Projects\Teaching Management System\app.py:136]
2025-11-10 12:10:26,539 INFO: Platform: Traditional [in D:\Example_Projects\Teaching Management System\app.py:137]
2025-11-10 12:10:26,539 INFO: ========================================== [in D:\Example_Projects\Teaching Management System\app.py:138]
2025-11-10 12:11:52,106 INFO: ========================================== [in D:\Example_Projects\Teaching Management System\app.py:134]
2025-11-10 12:11:52,119 INFO: RollCallQR Application Startup [in D:\Example_Projects\Teaching Management System\app.py:135]
2025-11-10 12:11:52,119 INFO: Environment: development [in D:\Example_Projects\Teaching Management System\app.py:136]
2025-11-10 12:11:52,120 INFO: Platform: Traditional [in D:\Example_Projects\Teaching Management System\app.py:137]
2025-11-10 12:11:52,120 INFO: ========================================== [in D:\Example_Projects\Teaching Management System\app.py:138]
2025-11-10 12:11:58,683 INFO: ========================================== [in D:\Example_Projects\Teaching Management System\app.py:134]
2025-11-10 12:11:58,695 INFO: RollCallQR Application Startup [in D:\Example_Projects\Teaching Management System\app.py:135]
2025-11-10 12:11:58,696 INFO: Environment: development [in D:\Example_Projects\Teaching Management System\app.py:136]
2025-11-10 12:11:58,696 INFO: Platform: Traditional [in D:\Example_Projects\Teaching Management System\app.py:137]
2025-11-10 12:11:58,696 INFO: ========================================== [in D:\Example_Projects\Teaching Management System\app.py:138]
2025-11-10 12:12:41,961 INFO: ========================================== [in d:\Example_Projects\Teaching Management System\app.py:134]
2025-11-10 12:12:41,974 INFO: RollCallQR Application Startup [in d:\Example_Projects\Teaching Management System\app.py:135]
2025-11-10 12:12:41,974 INFO: Environment: development [in d:\Example_Projects\Teaching Management System\app.py:136]
2025-11-10 12:12:41,975 INFO: Platform: Traditional [in d:\Example_Projects\Teaching Management System\app.py:137]
2025-11-10 12:12:41,975 INFO: ========================================== [in d:\Example_Projects\Teaching Management System\app.py:138]
2025-11-10 12:12:43,137 INFO: ========================================== [in d:\Example_Projects\Teaching Management System\app.py:134]
2025-11-10 12:12:43,137 INFO: RollCallQR Application Startup [in d:\Example_Projects\Teaching Management System\app.py:135]
2025-11-10 12:12:43,138 INFO: Environment: development [in d:\Example_Projects\Teaching Management System\app.py:136]
2025-11-10 12:12:43,138 INFO: Platform: Traditional [in d:\Example_Projects\Teaching Management System\app.py:137]
2025-11-10 12:12:43,138 INFO: ========================================== [in d:\Example_Projects\Teaching Management System\app.py:138]
2025-11-10 12:29:25,911 INFO: ========================================== [in d:\Example_Projects\Teaching Management System\app.py:134]
2025-11-10 12:29:25,926 INFO: RollCallQR Application Startup [in d:\Example_Projects\Teaching Management System\app.py:135]
2025-11-10 12:29:25,926 INFO: Environment: development [in d:\Example_Projects\Teaching Management System\app.py:136]
2025-11-10 12:29:25,926 INFO: Platform: Traditional [in d:\Example_Projects\Teaching Management System\app.py:137]
2025-11-10 12:29:25,926 INFO: ========================================== [in d:\Example_Projects\Teaching Management System\app.py:138]
2025-11-10 12:29:43,137 INFO: ========================================== [in d:\Example_Projects\Teaching Management System\app.py:134]
2025-11-10 12:29:43,149 INFO: RollCallQR Application Startup [in d:\Example_Projects\Teaching Management System\app.py:135]
2025-11-10 12:29:43,149 INFO: Environment: development [in d:\Example_Projects\Teaching Management System\app.py:136]
2025-11-10 12:29:43,150 INFO: Platform: Traditional [in d:\Example_Projects\Teaching Management System\app.py:137]
2025-11-10 12:29:43,150 INFO: ========================================== [in d:\Example_Projects\Teaching Management System\app.py:138]
2025-11-10 12:31:02,783 INFO: ========================================== [in D:\Example_Projects\Teaching Management System\app.py:134]
2025-11-10 12:31:03,383 INFO: RollCallQR Application Startup [in D:\Example_Projects\Teaching Management System\app.py:135]
2025-11-10 12:31:03,384 INFO: Environment: development [in D:\Example_Projects\Teaching Management System\app.py:136]
2025-11-10 12:31:03,384 INFO: Platform: Traditional [in D:\Example_Projects\Teaching Management System\app.py:137]
2025-11-10 12:31:03,384 INFO: ========================================== [in D:\Example_Projects\Teaching Management System\app.py:138]
2025-11-10 12:31:04,731 INFO: ========================================== [in D:\Example_Projects\Teaching Management System\app.py:134]
2025-11-10 12:31:04,732 INFO: RollCallQR Application Startup [in D:\Example_Projects\Teaching Management System\app.py:135]
2025-11-10 12:31:04,732 INFO: Environment: development [in D:\Example_Projects\Teaching Management System\app.py:136]
2025-11-10 12:31:04,732 INFO: Platform: Traditional [in D:\Example_Projects\Teaching Management System\app.py:137]
2025-11-10 12:31:04,732 INFO: ========================================== [in D:\Example_Projects\Teaching Management System\app.py:138]
2025-11-10 12:33:40,298 INFO: ========================================== [in D:\Example_Projects\Teaching Management System\app.py:134]
2025-11-10 12:33:40,886 INFO: RollCallQR Application Startup [in D:\Example_Projects\Teaching Management System\app.py:135]
2025-11-10 12:33:40,886 INFO: Environment: development [in D:\Example_Projects\Teaching Management System\app.py:136]
2025-11-10 12:33:40,886 INFO: Platform: Traditional [in D:\Example_Projects\Teaching Management System\app.py:137]
2025-11-10 12:33:40,887 INFO: ========================================== [in D:\Example_Projects\Teaching Management System\app.py:138]
2025-11-10 12:33:42,431 INFO: ========================================== [in D:\Example_Projects\Teaching Management System\app.py:134]
2025-11-10 12:33:42,431 INFO: RollCallQR Application Startup [in D:\Example_Projects\Teaching Management System\app.py:135]
2025-11-10 12:33:42,431 INFO: Environment: development [in D:\Example_Projects\Teaching Management System\app.py:136]
2025-11-10 12:33:42,432 INFO: Platform: Traditional [in D:\Example_Projects\Teaching Management System\app.py:137]
2025-11-10 12:33:42,432 INFO: ========================================== [in D:\Example_Projects\Teaching Management System\app.py:138]
2025-11-10 12:35:04,390 INFO: ========================================== [in d:\Example_Projects\Teaching Management System\app.py:134]
2025-11-10 12:35:04,403 INFO: RollCallQR Application Startup [in d:\Example_Projects\Teaching Management System\app.py:135]
2025-11-10 12:35:04,403 INFO: Environment: development [in d:\Example_Projects\Teaching Management System\app.py:136]
2025-11-10 12:35:04,403 INFO: Platform: Traditional [in d:\Example_Projects\Teaching Management System\app.py:137]
2025-11-10 12:35:04,403 INFO: ========================================== [in d:\Example_Projects\Teaching Management System\app.py:138]
2025-11-10 12:35:05,766 INFO: ========================================== [in d:\Example_Projects\Teaching Management System\app.py:134]
2025-11-10 12:35:05,767 INFO: RollCallQR Application Startup [in d:\Example_Projects\Teaching Management System\app.py:135]
2025-11-10 12:35:05,767 INFO: Environment: development [in d:\Example_Projects\Teaching Management System\app.py:136]
2025-11-10 12:35:05,767 INFO: Platform: Traditional [in d:\Example_Projects\Teaching Management System\app.py:137]
2025-11-10 12:35:05,767 INFO: ========================================== [in d:\Example_Projects\Teaching Management System\app.py:138]
2025-11-10 12:35:17,883 INFO: ========================================== [in d:\Example_Projects\Teaching Management System\app.py:134]
2025-11-10 12:35:17,896 INFO: RollCallQR Application Startup [in d:\Example_Projects\Teaching Management System\app.py:135]
2025-11-10 12:35:17,896 INFO: Environment: development [in d:\Example_Projects\Teaching Management System\app.py:136]
2025-11-10 12:35:17,896 INFO: Platform: Traditional [in d:\Example_Projects\Teaching Management System\app.py:137]
2025-11-10 12:35:17,897 INFO: ========================================== [in d:\Example_Projects\Teaching Management System\app.py:138]
2025-11-10 12:35:19,178 INFO: ========================================== [in d:\Example_Projects\Teaching Management System\app.py:134]
2025-11-10 12:35:19,178 INFO: RollCallQR Application Startup [in d:\Example_Projects\Teaching Management System\app.py:135]
2025-11-10 12:35:19,179 INFO: Environment: development [in d:\Example_Projects\Teaching Management System\app.py:136]
2025-11-10 12:35:19,179 INFO: Platform: Traditional [in d:\Example_Projects\Teaching Management System\app.py:137]
2025-11-10 12:35:19,179 INFO: ========================================== [in d:\Example_Projects\Teaching Management System\app.py:138]
2025-11-10 12:35:24,203 INFO: ========================================== [in D:\Example_Projects\Teaching Management System\app.py:134]
2025-11-10 12:35:24,204 INFO: RollCallQR Application Startup [in D:\Example_Projects\Teaching Management System\app.py:135]
2025-11-10 12:35:24,204 INFO: Environment: development [in D:\Example_Projects\Teaching Management System\app.py:136]
2025-11-10 12:35:24,204 INFO: Platform: Traditional [in D:\Example_Projects\Teaching Management System\app.py:137]
2025-11-10 12:35:24,204 INFO: ========================================== [in D:\Example_Projects\Teaching Management System\app.py:138]
2025-11-10 12:35:25,382 INFO: ========================================== [in D:\Example_Projects\Teaching Management System\app.py:134]
2025-11-10 12:35:25,383 INFO: RollCallQR Application Startup [in D:\Example_Projects\Teaching Management System\app.py:135]
2025-11-10 12:35:25,383 INFO: Environment: development [in D:\Example_Projects\Teaching Management System\app.py:136]
2025-11-10 12:35:25,383 INFO: Platform: Traditional [in D:\Example_Projects\Teaching Management System\app.py:137]
2025-11-10 12:35:25,383 INFO: ========================================== [in D:\Example_Projects\Teaching Management System\app.py:138]
2025-11-10 12:36:10,757 INFO: ========================================== [in d:\Example_Projects\Teaching Management System\app.py:134]
2025-11-10 12:36:10,769 INFO: RollCallQR Application Startup [in d:\Example_Projects\Teaching Management System\app.py:135]
2025-11-10 12:36:10,770 INFO: Environment: development [in d:\Example_Projects\Teaching Management System\app.py:136]
2025-11-10 12:36:10,770 INFO: Platform: Traditional [in d:\Example_Projects\Teaching Management System\app.py:137]
2025-11-10 12:36:10,770 INFO: ========================================== [in d:\Example_Projects\Teaching Management System\app.py:138]
2025-11-10 12:36:12,024 INFO: ========================================== [in d:\Example_Projects\Teaching Management System\app.py:134]
2025-11-10 12:36:12,025 INFO: RollCallQR Application Startup [in d:\Example_Projects\Teaching Management System\app.py:135]
2025-11-10 12:36:12,025 INFO: Environment: development [in d:\Example_Projects\Teaching Management System\app.py:136]
2025-11-10 12:36:12,025 INFO: Platform: Traditional [in d:\Example_Projects\Teaching Management System\app.py:137]
2025-11-10 12:36:12,025 INFO: ========================================== [in d:\Example_Projects\Teaching Management System\app.py:138]
2025-11-10 12:37:32,241 INFO: ========================================== [in d:\Example_Projects\Teaching Management System\app.py:134]
2025-11-10 12:37:32,253 INFO: RollCallQR Application Startup [in d:\Example_Projects\Teaching Management System\app.py:135]
2025-11-10 12:37:32,254 INFO: Environment: development [in d:\Example_Projects\Teaching Management System\app.py:136]
2025-11-10 12:37:32,254 INFO: Platform: Traditional [in d:\Example_Projects\Teaching Management System\app.py:137]
2025-11-10 12:37:32,254 INFO: ========================================== [in d:\Example_Projects\Teaching Management System\app.py:138]
2025-11-10 12:37:33,611 INFO: ========================================== [in d:\Example_Projects\Teaching Management System\app.py:134]
2025-11-10 12:37:33,611 INFO: RollCallQR Application Startup [in d:\Example_Projects\Teaching Management System\app.py:135]
2025-11-10 12:37:33,611 INFO: Environment: development [in d:\Example_Projects\Teaching Management System\app.py:136]
2025-11-10 12:37:33,612 INFO: Platform: Traditional [in d:\Example_Projects\Teaching Management System\app.py:137]
2025-11-10 12:37:33,612 INFO: ========================================== [in d:\Example_Projects\Teaching Management System\app.py:138]
2025-11-10 12:39:25,070 INFO: ========================================== [in d:\Example_Projects\Teaching Management System\app.py:134]
2025-11-10 12:39:25,082 INFO: RollCallQR Application Startup [in d:\Example_Projects\Teaching Management System\app.py:135]
2025-11-10 12:39:25,083 INFO: Environment: development [in d:\Example_Projects\Teaching Management System\app.py:136]
2025-11-10 12:39:25,083 INFO: Platform: Traditional [in d:\Example_Projects\Teaching Management System\app.py:137]
2025-11-10 12:39:25,083 INFO: ========================================== [in d:\Example_Projects\Teaching Management System\app.py:138]
2025-11-10 12:39:26,283 INFO: ========================================== [in d:\Example_Projects\Teaching Management System\app.py:134]
2025-11-10 12:39:26,283 INFO: RollCallQR Application Startup [in d:\Example_Projects\Teaching Management System\app.py:135]
2025-11-10 12:39:26,283 INFO: Environment: development [in d:\Example_Projects\Teaching Management System\app.py:136]
2025-11-10 12:39:26,283 INFO: Platform: Traditional [in d:\Example_Projects\Teaching Management System\app.py:137]
2025-11-10 12:39:26,284 INFO: ========================================== [in d:\Example_Projects\Teaching Management System\app.py:138]
2025-11-10 12:41:13,225 INFO: ========================================== [in d:\Example_Projects\Teaching Management System\app.py:134]
2025-11-10 12:41:13,237 INFO: RollCallQR Application Startup [in d:\Example_Projects\Teaching Management System\app.py:135]
2025-11-10 12:41:13,238 INFO: Environment: development [in d:\Example_Projects\Teaching Management System\app.py:136]
2025-11-10 12:41:13,238 INFO: Platform: Traditional [in d:\Example_Projects\Teaching Management System\app.py:137]
2025-11-10 12:41:13,238 INFO: ========================================== [in d:\Example_Projects\Teaching Management System\app.py:138]
2025-11-10 12:41:14,409 INFO: ========================================== [in d:\Example_Projects\Teaching Management System\app.py:134]
2025-11-10 12:41:14,409 INFO: RollCallQR Application Startup [in d:\Example_Projects\Teaching Management System\app.py:135]
2025-11-10 12:41:14,410 INFO: Environment: development [in d:\Example_Projects\Teaching Management System\app.py:136]
2025-11-10 12:41:14,410 INFO: Platform: Traditional [in d:\Example_Projects\Teaching Management System\app.py:137]
2025-11-10 12:41:14,410 INFO: ========================================== [in d:\Example_Projects\Teaching Management System\app.py:138]
2025-11-10 12:46:01,807 INFO: ========================================== [in d:\Example_Projects\Teaching Management System\app.py:134]
2025-11-10 12:46:01,820 INFO: RollCallQR Application Startup [in d:\Example_Projects\Teaching Management System\app.py:135]
2025-11-10 12:46:01,820 INFO: Environment: development [in d:\Example_Projects\Teaching Management System\app.py:136]
2025-11-10 12:46:01,820 INFO: Platform: Traditional [in d:\Example_Projects\Teaching Management System\app.py:137]
2025-11-10 12:46:01,820 INFO: ========================================== [in d:\Example_Projects\Teaching Management System\app.py:138]
2025-11-10 12:46:03,004 INFO: ========================================== [in d:\Example_Projects\Teaching Management System\app.py:134]
2025-11-10 12:46:03,004 INFO: RollCallQR Application Startup [in d:\Example_Projects\Teaching Management System\app.py:135]
2025-11-10 12:46:03,005 INFO: Environment: development [in d:\Example_Projects\Teaching Management System\app.py:136]
2025-11-10 12:46:03,005 INFO: Platform: Traditional [in d:\Example_Projects\Teaching Management System\app.py:137]
2025-11-10 12:46:03,005 INFO: ========================================== [in d:\Example_Projects\Teaching Management System\app.py:138]
2025-11-10 12:53:05,773 INFO: ========================================== [in d:\Example_Projects\Teaching Management System\app.py:134]
2025-11-10 12:53:05,786 INFO: RollCallQR Application Startup [in d:\Example_Projects\Teaching Management System\app.py:135]
2025-11-10 12:53:05,786 INFO: Environment: development [in d:\Example_Projects\Teaching Management System\app.py:136]
2025-11-10 12:53:05,786 INFO: Platform: Traditional [in d:\Example_Projects\Teaching Management System\app.py:137]
2025-11-10 12:53:05,786 INFO: ========================================== [in d:\Example_Projects\Teaching Management System\app.py:138]
2025-11-10 12:53:06,938 INFO: ========================================== [in d:\Example_Projects\Teaching Management System\app.py:134]
2025-11-10 12:53:06,938 INFO: RollCallQR Application Startup [in d:\Example_Projects\Teaching Management System\app.py:135]
2025-11-10 12:53:06,939 INFO: Environment: development [in d:\Example_Projects\Teaching Management System\app.py:136]
2025-11-10 12:53:06,939 INFO: Platform: Traditional [in d:\Example_Projects\Teaching Management System\app.py:137]
2025-11-10 12:53:06,939 INFO: ========================================== [in d:\Example_Projects\Teaching Management System\app.py:138]
